Arguments: 
  C:\Users\Kinder\Desktop\Serveur-Gta-V-RP-V2.0.11\server\FXServer.exe C:\Users\Kinder\Desktop\Serveur-Gta-V-RP-V2.0.11\server\resources\[system]\[builders]\yarn\yarn_cli.js install

PATH: 
  C:\Program Files (x86)\Common Files\Oracle\Java\javapath;C:\ProgramData\Oracle\Java\javapath;C:\Windows\system32;C:\Windows;C:\Windows\System32\Wbem;C:\Windows\System32\WindowsPowerShell\v1.0\;C:\WINDOWS\system32;C:\WINDOWS;C:\WINDOWS\System32\Wbem;C:\WINDOWS\System32\WindowsPowerShell\v1.0\;C:\WINDOWS\System32\OpenSSH\;C:\Program Files (x86)\NVIDIA Corporation\PhysX\Common;C:\Users\Kinder\AppData\Local\Microsoft\WindowsApps;C:\Users\Kinder\AppData\Local\GitHubDesktop\bin

Yarn version: 
  1.13.0

Node version: 
  8.12.0

Platform: 
  win32 x64

Trace: 
  Error: ENOENT: no such file or directory, open 'C:\Users\Kinder\AppData\Local\Yarn\Cache\v4\npm-fsevents-1.2.7-4851b664a3783e52003b3c66eb0eee1074933aa4\node_modules\fsevents\.yarn-metadata.json'

npm manifest: 
  {
    "name": "webpack-builder",
    "version": "1.0.0",
    "description": "",
    "main": "index.js",
    "scripts": {
      "test": "echo \"Error: no test specified\" && exit 1"
    },
    "author": "",
    "license": "ISC",
    "dependencies": {
      "async": "^2.6.1",
      "webpack": "^4.12.0",
      "worker-farm": "^1.6.0"
    }
  }

yarn manifest: 
  No manifest

Lockfile: 
  No lockfile
